2018-12-08 19:16:37  INFO Soma-PC --- [  restartedMain] c.w.w.WasteMgntApplication               : Starting WasteMgntApplication on Soma-PC with PID 10756 (C:\Soma\UCM\3rd_Sem\ASP\Project_ASP\WasteMgmtPrj\target\classes started by sowmy in C:\Soma\UCM\3rd_Sem\ASP\Project_ASP\WasteMgmtPrj)
2018-12-08 19:16:37  INFO Soma-PC --- [  restartedMain] c.w.w.WasteMgntApplication               : No active profile set, falling back to default profiles: default
2018-12-08 19:16:38  INFO Soma-PC --- [  restartedMain] ConfigServletWebServerApplicationContext : Refreshing org.springframework.boot.web.servlet.context.AnnotationConfigServletWebServerApplicationContext@4e642c23: startup date [Sat Dec 08 19:16:38 CST 2018]; root of context hierarchy
2018-12-08 19:16:41  INFO Soma-PC --- [  restartedMain] trationDelegate$BeanPostProcessorChecker : Bean 'org.springframework.transaction.annotation.ProxyTransactionManagementConfiguration' of type [org.springframework.transaction.annotation.ProxyTransactionManagementConfiguration$$EnhancerBySpringCGLIB$$c5802911] is not eligible for getting processed by all BeanPostProcessors (for example: not eligible for auto-proxying)
2018-12-08 19:16:42  INFO Soma-PC --- [  restartedMain] o.s.b.w.e.t.TomcatWebServer              : Tomcat initialized with port(s): 8080 (http)
2018-12-08 19:16:42  INFO Soma-PC --- [  restartedMain] o.a.c.h.Http11NioProtocol                : Initializing ProtocolHandler ["http-nio-8080"]
2018-12-08 19:16:42  INFO Soma-PC --- [  restartedMain] o.a.c.c.StandardService                  : Starting service [Tomcat]
2018-12-08 19:16:42  INFO Soma-PC --- [  restartedMain] o.a.c.c.StandardEngine                   : Starting Servlet Engine: Apache Tomcat/8.5.34
2018-12-08 19:16:42  INFO Soma-PC --- [ost-startStop-1] o.a.c.c.AprLifecycleListener             : The APR based Apache Tomcat Native library which allows optimal performance in production environments was not found on the java.library.path: [C:\Program Files\Java\jre1.8.0_151\bin;C:\WINDOWS\Sun\Java\bin;C:\WINDOWS\system32;C:\WINDOWS;C:/Program Files/Java/jre1.8.0_151/bin/server;C:/Program Files/Java/jre1.8.0_151/bin;C:/Program Files/Java/jre1.8.0_151/lib/amd64;C:\ProgramData\Oracle\Java\javapath;C:\WINDOWS\system32;C:\WINDOWS;C:\WINDOWS\System32\Wbem;C:\WINDOWS\System32\WindowsPowerShell\v1.0\;C:\WINDOWS\system32\config\systemprofile\.dnx\bin;C:\Program Files\Microsoft DNX\Dnvm\;C:\Program Files\Microsoft SQL Server\130\Tools\Binn\;C:\Program Files\Java\jdk1.8.0_151\bin;C:\Program Files\Java\jre1.8.0_151\bin;C:\Soma\apache-maven-3.5.3-bin\apache-maven-3.5.3\bin;C:\WINDOWS\System32\OpenSSH\;C:\Users\sowmy\AppData\Local\Microsoft\WindowsApps;C:\Users\sowmy\AppData\Local\atom\bin;C:\eclipse;;.]
2018-12-08 19:16:43  INFO Soma-PC --- [ost-startStop-1] o.a.j.s.TldScanner                       : At least one JAR was scanned for TLDs yet contained no TLDs. Enable debug logging for this logger for a complete list of JARs that were scanned but no TLDs were found in them. Skipping unneeded JARs during scanning can improve startup time and JSP compilation time.
2018-12-08 19:16:43  INFO Soma-PC --- [ost-startStop-1] o.a.c.c.C.[.[.[/WasteMgmtPrj]            : Initializing Spring embedded WebApplicationContext
2018-12-08 19:16:43  INFO Soma-PC --- [ost-startStop-1] o.s.w.c.ContextLoader                    : Root WebApplicationContext: initialization completed in 5627 ms
2018-12-08 19:16:44  INFO Soma-PC --- [ost-startStop-1] o.s.b.w.s.FilterRegistrationBean         : Mapping filter: 'characterEncodingFilter' to: [/*]
2018-12-08 19:16:44  INFO Soma-PC --- [ost-startStop-1] o.s.b.w.s.FilterRegistrationBean         : Mapping filter: 'hiddenHttpMethodFilter' to: [/*]
2018-12-08 19:16:44  INFO Soma-PC --- [ost-startStop-1] o.s.b.w.s.FilterRegistrationBean         : Mapping filter: 'httpPutFormContentFilter' to: [/*]
2018-12-08 19:16:44  INFO Soma-PC --- [ost-startStop-1] o.s.b.w.s.FilterRegistrationBean         : Mapping filter: 'requestContextFilter' to: [/*]
2018-12-08 19:16:44  INFO Soma-PC --- [ost-startStop-1] .s.DelegatingFilterProxyRegistrationBean : Mapping filter: 'springSecurityFilterChain' to: [/*]
2018-12-08 19:16:44  INFO Soma-PC --- [ost-startStop-1] o.s.b.w.s.ServletRegistrationBean        : Servlet dispatcherServlet mapped to [/]
2018-12-08 19:16:44  INFO Soma-PC --- [  restartedMain] c.z.h.HikariDataSource                   : HikariPool-1 - Starting...
2018-12-08 19:16:44  INFO Soma-PC --- [  restartedMain] c.z.h.HikariDataSource                   : HikariPool-1 - Start completed.
2018-12-08 19:16:44  INFO Soma-PC --- [  restartedMain] j.LocalContainerEntityManagerFactoryBean : Building JPA container EntityManagerFactory for persistence unit 'default'
2018-12-08 19:16:44  INFO Soma-PC --- [  restartedMain] o.h.j.i.u.LogHelper                      : HHH000204: Processing PersistenceUnitInfo [
	name: default
	...]
2018-12-08 19:16:45  INFO Soma-PC --- [  restartedMain] o.h.Version                              : HHH000412: Hibernate Core {5.2.17.Final}
2018-12-08 19:16:45  INFO Soma-PC --- [  restartedMain] o.h.c.Environment                        : HHH000206: hibernate.properties not found
2018-12-08 19:16:45  INFO Soma-PC --- [  restartedMain] o.h.a.c.Version                          : HCANN000001: Hibernate Commons Annotations {5.0.1.Final}
2018-12-08 19:16:45  INFO Soma-PC --- [  restartedMain] o.h.d.Dialect                            : HHH000400: Using dialect: org.hibernate.dialect.MySQL5Dialect
2018-12-08 19:16:46  INFO Soma-PC --- [  restartedMain] j.LocalContainerEntityManagerFactoryBean : Initialized JPA EntityManagerFactory for persistence unit 'default'
2018-12-08 19:16:47  INFO Soma-PC --- [  restartedMain] o.h.h.i.QueryTranslatorFactoryInitiator  : HHH000397: Using ASTQueryTranslatorFactory
2018-12-08 19:16:48  INFO Soma-PC --- [  restartedMain] o.s.s.w.DefaultSecurityFilterChain       : Creating filter chain: org.springframework.security.web.util.matcher.AnyRequestMatcher@1, [org.springframework.security.web.context.request.async.WebAsyncManagerIntegrationFilter@656fcb65, org.springframework.security.web.context.SecurityContextPersistenceFilter@68fc9029, org.springframework.security.web.header.HeaderWriterFilter@1d62375f, org.springframework.security.web.authentication.logout.LogoutFilter@3981b4fe, org.springframework.security.web.authentication.UsernamePasswordAuthenticationFilter@53e8866c, org.springframework.security.web.savedrequest.RequestCacheAwareFilter@73de2e3d, org.springframework.security.web.servletapi.SecurityContextHolderAwareRequestFilter@2d4bcd44, org.springframework.security.web.authentication.AnonymousAuthenticationFilter@7e4d4343, org.springframework.security.web.session.SessionManagementFilter@1d11ab60, org.springframework.security.web.access.ExceptionTranslationFilter@6dca14ef, org.springframework.security.web.access.intercept.FilterSecurityInterceptor@1c266061]
2018-12-08 19:16:48  INFO Soma-PC --- [  restartedMain] o.s.w.s.h.SimpleUrlHandlerMapping        : Mapped URL path [/**/favicon.ico] onto handler of type [class org.springframework.web.servlet.resource.ResourceHttpRequestHandler]
2018-12-08 19:16:49  INFO Soma-PC --- [  restartedMain] s.w.s.m.m.a.RequestMappingHandlerAdapter : Looking for @ControllerAdvice: org.springframework.boot.web.servlet.context.AnnotationConfigServletWebServerApplicationContext@4e642c23: startup date [Sat Dec 08 19:16:38 CST 2018]; root of context hierarchy
2018-12-08 19:16:49  WARN Soma-PC --- [  restartedMain] aWebConfiguration$JpaWebMvcConfiguration : spring.jpa.open-in-view is enabled by default. Therefore, database queries may be performed during view rendering. Explicitly configure spring.jpa.open-in-view to disable this warning
2018-12-08 19:16:49  INFO Soma-PC --- [  restartedMain] s.w.s.m.m.a.RequestMappingHandlerMapping : Mapped "{[/admin/address/new],methods=[GET]}" onto public java.lang.String com.wastemgnt.web.controller.AddressConfigController.createNew(org.springframework.ui.Model)
2018-12-08 19:16:49  INFO Soma-PC --- [  restartedMain] s.w.s.m.m.a.RequestMappingHandlerMapping : Mapped "{[/admin/address/state/edit],methods=[GET]}" onto public java.lang.String com.wastemgnt.web.controller.AddressConfigController.editState(org.springframework.ui.Model,java.lang.Long)
2018-12-08 19:16:49  INFO Soma-PC --- [  restartedMain] s.w.s.m.m.a.RequestMappingHandlerMapping : Mapped "{[/admin/address/edit],methods=[GET]}" onto public java.lang.String com.wastemgnt.web.controller.AddressConfigController.editAddress(org.springframework.ui.Model,java.lang.Long)
2018-12-08 19:16:49  INFO Soma-PC --- [  restartedMain] s.w.s.m.m.a.RequestMappingHandlerMapping : Mapped "{[/admin/address/state/list],methods=[GET]}" onto public java.lang.String com.wastemgnt.web.controller.AddressConfigController.loadStateAll(org.springframework.ui.Model)
2018-12-08 19:16:49  INFO Soma-PC --- [  restartedMain] s.w.s.m.m.a.RequestMappingHandlerMapping : Mapped "{[/admin/address/detail],methods=[GET]}" onto public java.lang.String com.wastemgnt.web.controller.AddressConfigController.detailAddress(org.springframework.ui.Model,java.lang.Long)
2018-12-08 19:16:49  INFO Soma-PC --- [  restartedMain] s.w.s.m.m.a.RequestMappingHandlerMapping : Mapped "{[/admin/address/state/new],methods=[GET]}" onto public java.lang.String com.wastemgnt.web.controller.AddressConfigController.createNewState(org.springframework.ui.Model)
2018-12-08 19:16:49  INFO Soma-PC --- [  restartedMain] s.w.s.m.m.a.RequestMappingHandlerMapping : Mapped "{[/admin/address/fooditemlimit/list],methods=[GET]}" onto public java.lang.String com.wastemgnt.web.controller.AddressConfigController.loadFoodItemAll(org.springframework.ui.Model)
2018-12-08 19:16:49  INFO Soma-PC --- [  restartedMain] s.w.s.m.m.a.RequestMappingHandlerMapping : Mapped "{[/admin/address/save],methods=[POST]}" onto public java.lang.String com.wastemgnt.web.controller.AddressConfigController.saveAddress(org.springframework.ui.Model,com.wastemgnt.service.entity.FoodPantryAddress)
2018-12-08 19:16:49  INFO Soma-PC --- [  restartedMain] s.w.s.m.m.a.RequestMappingHandlerMapping : Mapped "{[/admin/address/delete],methods=[GET]}" onto public java.lang.String com.wastemgnt.web.controller.AddressConfigController.deleteAddress(org.springframework.ui.Model,java.lang.Long)
2018-12-08 19:16:49  INFO Soma-PC --- [  restartedMain] s.w.s.m.m.a.RequestMappingHandlerMapping : Mapped "{[/admin/address/state/delete],methods=[GET]}" onto public java.lang.String com.wastemgnt.web.controller.AddressConfigController.deleteState(org.springframework.ui.Model,java.lang.Long)
2018-12-08 19:16:49  INFO Soma-PC --- [  restartedMain] s.w.s.m.m.a.RequestMappingHandlerMapping : Mapped "{[/admin/address/list],methods=[GET]}" onto public java.lang.String com.wastemgnt.web.controller.AddressConfigController.loadAll(org.springframework.ui.Model)
2018-12-08 19:16:49  INFO Soma-PC --- [  restartedMain] s.w.s.m.m.a.RequestMappingHandlerMapping : Mapped "{[/admin/address/state/save],methods=[POST]}" onto public java.lang.String com.wastemgnt.web.controller.AddressConfigController.saveState(org.springframework.ui.Model,com.wastemgnt.service.entity.StateCityConfig)
2018-12-08 19:16:49  INFO Soma-PC --- [  restartedMain] s.w.s.m.m.a.RequestMappingHandlerMapping : Mapped "{[/admin/address/fooditemlimit/save],methods=[POST]}" onto public java.lang.String com.wastemgnt.web.controller.AddressConfigController.saveFoodItemLimit(org.springframework.ui.Model,com.wastemgnt.service.entity.FoodPantryFoodItemLimit)
2018-12-08 19:16:49  INFO Soma-PC --- [  restartedMain] s.w.s.m.m.a.RequestMappingHandlerMapping : Mapped "{[/admin/address/fooditemlimit/new],methods=[GET]}" onto public java.lang.String com.wastemgnt.web.controller.AddressConfigController.createFoodItemLimit(org.springframework.ui.Model)
2018-12-08 19:16:49  INFO Soma-PC --- [  restartedMain] s.w.s.m.m.a.RequestMappingHandlerMapping : Mapped "{[/admin/address/fooditemlimit/update],methods=[POST]}" onto public java.lang.String com.wastemgnt.web.controller.AddressConfigController.updateFoodItemLimit(org.springframework.ui.Model,com.wastemgnt.service.entity.FoodPantryFoodItemLimit)
2018-12-08 19:16:49  INFO Soma-PC --- [  restartedMain] s.w.s.m.m.a.RequestMappingHandlerMapping : Mapped "{[/admin/address/fooditemlimit/edit],methods=[GET]}" onto public java.lang.String com.wastemgnt.web.controller.AddressConfigController.editFoodItemLimit(org.springframework.ui.Model,java.lang.Long)
2018-12-08 19:16:49  INFO Soma-PC --- [  restartedMain] s.w.s.m.m.a.RequestMappingHandlerMapping : Mapped "{[/admin/foodnames],methods=[GET]}" onto public java.lang.String com.wastemgnt.web.controller.FoodItemsController.showFoodTypes(org.springframework.ui.Model)
2018-12-08 19:16:49  INFO Soma-PC --- [  restartedMain] s.w.s.m.m.a.RequestMappingHandlerMapping : Mapped "{[/admin/foodnames/create],methods=[GET]}" onto public java.lang.String com.wastemgnt.web.controller.FoodItemsController.createFoodType(org.springframework.ui.Model)
2018-12-08 19:16:49  INFO Soma-PC --- [  restartedMain] s.w.s.m.m.a.RequestMappingHandlerMapping : Mapped "{[/admin/foodnames/save],methods=[POST]}" onto public java.lang.String com.wastemgnt.web.controller.FoodItemsController.saveFoodType(org.springframework.ui.Model,com.wastemgnt.web.model.FoodNameForm)
2018-12-08 19:16:49  INFO Soma-PC --- [  restartedMain] s.w.s.m.m.a.RequestMappingHandlerMapping : Mapped "{[/admin/foodnames/edit],methods=[GET]}" onto public java.lang.String com.wastemgnt.web.controller.FoodItemsController.editFoodType(org.springframework.ui.Model,java.lang.Long)
2018-12-08 19:16:49  INFO Soma-PC --- [  restartedMain] s.w.s.m.m.a.RequestMappingHandlerMapping : Mapped "{[/admin/foodnames/update],methods=[POST]}" onto public java.lang.String com.wastemgnt.web.controller.FoodItemsController.updateFoodType(org.springframework.ui.Model,com.wastemgnt.web.model.FoodNameForm)
2018-12-08 19:16:49  INFO Soma-PC --- [  restartedMain] s.w.s.m.m.a.RequestMappingHandlerMapping : Mapped "{[/admin/foodnames/delete],methods=[GET]}" onto public java.lang.String com.wastemgnt.web.controller.FoodItemsController.updateFoodType(org.springframework.ui.Model,java.lang.Long)
2018-12-08 19:16:49  INFO Soma-PC --- [  restartedMain] s.w.s.m.m.a.RequestMappingHandlerMapping : Mapped "{[/admin/metrics],methods=[GET]}" onto public java.lang.String com.wastemgnt.web.controller.FoodMetricsController.showOrders(org.springframework.ui.Model,com.wastemgnt.web.model.FilterType)
2018-12-08 19:16:49  INFO Soma-PC --- [  restartedMain] s.w.s.m.m.a.RequestMappingHandlerMapping : Mapped "{[/admin/foodtypes],methods=[GET]}" onto public java.lang.String com.wastemgnt.web.controller.FoodTypeController.showFoodTypes(org.springframework.ui.Model)
2018-12-08 19:16:49  INFO Soma-PC --- [  restartedMain] s.w.s.m.m.a.RequestMappingHandlerMapping : Mapped "{[/admin/foodtypes/create],methods=[GET]}" onto public java.lang.String com.wastemgnt.web.controller.FoodTypeController.createFoodType(org.springframework.ui.Model)
2018-12-08 19:16:49  INFO Soma-PC --- [  restartedMain] s.w.s.m.m.a.RequestMappingHandlerMapping : Mapped "{[/admin/foodtypes/save],methods=[POST]}" onto public java.lang.String com.wastemgnt.web.controller.FoodTypeController.saveFoodType(org.springframework.ui.Model,com.wastemgnt.web.model.FoodTypeForm)
2018-12-08 19:16:49  INFO Soma-PC --- [  restartedMain] s.w.s.m.m.a.RequestMappingHandlerMapping : Mapped "{[/admin/foodtypes/edit],methods=[GET]}" onto public java.lang.String com.wastemgnt.web.controller.FoodTypeController.editFoodType(org.springframework.ui.Model,java.lang.Long)
2018-12-08 19:16:49  INFO Soma-PC --- [  restartedMain] s.w.s.m.m.a.RequestMappingHandlerMapping : Mapped "{[/admin/foodtypes/delete],methods=[GET]}" onto public java.lang.String com.wastemgnt.web.controller.FoodTypeController.deleteFoodType(org.springframework.ui.Model,java.lang.Long)
2018-12-08 19:16:49  INFO Soma-PC --- [  restartedMain] s.w.s.m.m.a.RequestMappingHandlerMapping : Mapped "{[/admin/foodtypes/update],methods=[POST]}" onto public java.lang.String com.wastemgnt.web.controller.FoodTypeController.updateFoodType(org.springframework.ui.Model,com.wastemgnt.web.model.FoodTypeForm)
2018-12-08 19:16:49  INFO Soma-PC --- [  restartedMain] s.w.s.m.m.a.RequestMappingHandlerMapping : Mapped "{[/startpage],methods=[GET]}" onto public java.lang.String com.wastemgnt.web.controller.HomeController.showWelcomePage(org.springframework.ui.ModelMap)
2018-12-08 19:16:49  INFO Soma-PC --- [  restartedMain] s.w.s.m.m.a.RequestMappingHandlerMapping : Mapped "{[/dashboard],methods=[GET]}" onto public java.lang.String com.wastemgnt.web.controller.HomeController.showDashBoard(org.springframework.ui.Model)
2018-12-08 19:16:49  INFO Soma-PC --- [  restartedMain] s.w.s.m.m.a.RequestMappingHandlerMapping : Mapped "{[/register],methods=[POST]}" onto public java.lang.String com.wastemgnt.web.controller.LoginController.registration(org.springframework.ui.Model,com.wastemgnt.web.model.UserForm)
2018-12-08 19:16:49  INFO Soma-PC --- [  restartedMain] s.w.s.m.m.a.RequestMappingHandlerMapping : Mapped "{[/login],methods=[GET]}" onto public java.lang.String com.wastemgnt.web.controller.LoginController.showLoginPage(org.springframework.ui.ModelMap)
2018-12-08 19:16:49  INFO Soma-PC --- [  restartedMain] s.w.s.m.m.a.RequestMappingHandlerMapping : Mapped "{[/registration],methods=[GET]}" onto public java.lang.String com.wastemgnt.web.controller.LoginController.showRegistrationPage(org.springframework.ui.Model)
2018-12-08 19:16:49  INFO Soma-PC --- [  restartedMain] s.w.s.m.m.a.RequestMappingHandlerMapping : Mapped "{[/admin/orders],methods=[GET]}" onto public java.lang.String com.wastemgnt.web.controller.OrderController.showOrders(org.springframework.ui.Model)
2018-12-08 19:16:49  INFO Soma-PC --- [  restartedMain] s.w.s.m.m.a.RequestMappingHandlerMapping : Mapped "{[/admin/orders/save],methods=[POST]}" onto public java.lang.String com.wastemgnt.web.controller.OrderController.saveOrder(org.springframework.ui.Model,com.wastemgnt.web.model.OrderForm)
2018-12-08 19:16:49  INFO Soma-PC --- [  restartedMain] s.w.s.m.m.a.RequestMappingHandlerMapping : Mapped "{[/admin/orders/detail],methods=[GET]}" onto public java.lang.String com.wastemgnt.web.controller.OrderController.detailOrder(org.springframework.ui.Model,java.lang.Long)
2018-12-08 19:16:49  INFO Soma-PC --- [  restartedMain] s.w.s.m.m.a.RequestMappingHandlerMapping : Mapped "{[/admin/orders/create],methods=[GET]}" onto public java.lang.String com.wastemgnt.web.controller.OrderController.createOrder(org.springframework.ui.Model)
2018-12-08 19:16:49  INFO Soma-PC --- [  restartedMain] s.w.s.m.m.a.RequestMappingHandlerMapping : Mapped "{[/admin/orders/edit],methods=[GET]}" onto public java.lang.String com.wastemgnt.web.controller.OrderController.editOrder(org.springframework.ui.Model,java.lang.Long)
2018-12-08 19:16:49  INFO Soma-PC --- [  restartedMain] s.w.s.m.m.a.RequestMappingHandlerMapping : Mapped "{[/admin/orders/update],methods=[POST]}" onto public java.lang.String com.wastemgnt.web.controller.OrderController.updateOrder(org.springframework.ui.Model,com.wastemgnt.web.model.OrderForm)
2018-12-08 19:16:49  INFO Soma-PC --- [  restartedMain] s.w.s.m.m.a.RequestMappingHandlerMapping : Mapped "{[/admin/orders/deleteFI],methods=[GET]}" onto public java.lang.String com.wastemgnt.web.controller.OrderController.detailDeleteFI(org.springframework.ui.Model,java.lang.Long,java.lang.Long)
2018-12-08 19:16:49  INFO Soma-PC --- [  restartedMain] s.w.s.m.m.a.RequestMappingHandlerMapping : Mapped "{[/admin/orders/getHintTxt],methods=[POST]}" onto public void com.wastemgnt.web.controller.OrderController.testmethod(org.springframework.ui.Model,com.wastemgnt.web.model.FilterType,com.wastemgnt.web.model.FilterType)
2018-12-08 19:16:49  INFO Soma-PC --- [  restartedMain] s.w.s.m.m.a.RequestMappingHandlerMapping : Mapped "{[/admin/orders/updateOrderDetails],methods=[POST]}" onto public java.lang.String com.wastemgnt.web.controller.OrderController.updateOrderDetails(org.springframework.ui.Model,com.wastemgnt.web.model.OrderForm)
2018-12-08 19:16:49  INFO Soma-PC --- [  restartedMain] s.w.s.m.m.a.RequestMappingHandlerMapping : Mapped "{[/admin/deliveredList],methods=[GET]}" onto public java.lang.String com.wastemgnt.web.controller.OrderController.deliveredItemList(org.springframework.ui.Model,com.wastemgnt.web.model.FilterType,com.wastemgnt.web.model.FilterType)
2018-12-08 19:16:49  INFO Soma-PC --- [  restartedMain] s.w.s.m.m.a.RequestMappingHandlerMapping : Mapped "{[/admin/permissions/edit],methods=[GET]}" onto public java.lang.String com.wastemgnt.web.controller.PermissionsController.editPermission(org.springframework.ui.Model,java.lang.Long)
2018-12-08 19:16:49  INFO Soma-PC --- [  restartedMain] s.w.s.m.m.a.RequestMappingHandlerMapping : Mapped "{[/admin/permissions],methods=[GET]}" onto public java.lang.String com.wastemgnt.web.controller.PermissionsController.showPermissions(org.springframework.ui.Model)
2018-12-08 19:16:49  INFO Soma-PC --- [  restartedMain] s.w.s.m.m.a.RequestMappingHandlerMapping : Mapped "{[/admin/permissions/save],methods=[POST]}" onto public java.lang.String com.wastemgnt.web.controller.PermissionsController.savePermission(org.springframework.ui.Model,com.wastemgnt.web.model.PermissionForm)
2018-12-08 19:16:49  INFO Soma-PC --- [  restartedMain] s.w.s.m.m.a.RequestMappingHandlerMapping : Mapped "{[/admin/permissions/create],methods=[GET]}" onto public java.lang.String com.wastemgnt.web.controller.PermissionsController.createPermission(org.springframework.ui.Model)
2018-12-08 19:16:49  INFO Soma-PC --- [  restartedMain] s.w.s.m.m.a.RequestMappingHandlerMapping : Mapped "{[/admin/permissions/update],methods=[POST]}" onto public java.lang.String com.wastemgnt.web.controller.PermissionsController.updatePermission(org.springframework.ui.Model,com.wastemgnt.web.model.PermissionForm)
2018-12-08 19:16:49  INFO Soma-PC --- [  restartedMain] s.w.s.m.m.a.RequestMappingHandlerMapping : Mapped "{[/admin/permissions/delete],methods=[GET]}" onto public java.lang.String com.wastemgnt.web.controller.PermissionsController.deletePermission(org.springframework.ui.Model,java.lang.Long)
2018-12-08 19:16:49  INFO Soma-PC --- [  restartedMain] s.w.s.m.m.a.RequestMappingHandlerMapping : Mapped "{[/admin/users/delete],methods=[GET]}" onto public java.lang.String com.wastemgnt.web.controller.UserController.deleteUser(org.springframework.ui.Model,java.lang.String)
2018-12-08 19:16:49  INFO Soma-PC --- [  restartedMain] s.w.s.m.m.a.RequestMappingHandlerMapping : Mapped "{[/admin/users/save],methods=[POST]}" onto public java.lang.String com.wastemgnt.web.controller.UserController.createUser(org.springframework.ui.Model,com.wastemgnt.web.model.UserForm)
2018-12-08 19:16:49  INFO Soma-PC --- [  restartedMain] s.w.s.m.m.a.RequestMappingHandlerMapping : Mapped "{[/admin/users/edit],methods=[GET]}" onto public java.lang.String com.wastemgnt.web.controller.UserController.editUser(org.springframework.ui.Model,java.lang.String)
2018-12-08 19:16:49  INFO Soma-PC --- [  restartedMain] s.w.s.m.m.a.RequestMappingHandlerMapping : Mapped "{[/admin/user/savepwd],methods=[POST]}" onto public java.lang.String com.wastemgnt.web.controller.UserController.savePassWord(org.springframework.ui.Model,com.wastemgnt.web.model.UserForm)
2018-12-08 19:16:49  INFO Soma-PC --- [  restartedMain] s.w.s.m.m.a.RequestMappingHandlerMapping : Mapped "{[/admin/user/changepwd],methods=[GET]}" onto public java.lang.String com.wastemgnt.web.controller.UserController.changePassWord(org.springframework.ui.Model)
2018-12-08 19:16:49  INFO Soma-PC --- [  restartedMain] s.w.s.m.m.a.RequestMappingHandlerMapping : Mapped "{[/admin/users],methods=[GET]}" onto public java.lang.String com.wastemgnt.web.controller.UserController.showUsers(org.springframework.ui.Model)
2018-12-08 19:16:49  INFO Soma-PC --- [  restartedMain] s.w.s.m.m.a.RequestMappingHandlerMapping : Mapped "{[/admin/users/create],methods=[GET]}" onto public java.lang.String com.wastemgnt.web.controller.UserController.addUser(org.springframework.ui.Model)
2018-12-08 19:16:49  INFO Soma-PC --- [  restartedMain] s.w.s.m.m.a.RequestMappingHandlerMapping : Mapped "{[/admin/profile/update],methods=[POST]}" onto public java.lang.String com.wastemgnt.web.controller.UserController.saveProfile(org.springframework.ui.Model,com.wastemgnt.web.model.UserForm)
2018-12-08 19:16:49  INFO Soma-PC --- [  restartedMain] s.w.s.m.m.a.RequestMappingHandlerMapping : Mapped "{[/admin/profile],methods=[GET]}" onto public java.lang.String com.wastemgnt.web.controller.UserController.editProfile(org.springframework.ui.Model)
2018-12-08 19:16:49  INFO Soma-PC --- [  restartedMain] s.w.s.m.m.a.RequestMappingHandlerMapping : Mapped "{[/admin/users/update],methods=[POST]}" onto public java.lang.String com.wastemgnt.web.controller.UserController.saveUser(org.springframework.ui.Model,com.wastemgnt.web.model.UserForm)
2018-12-08 19:16:49  INFO Soma-PC --- [  restartedMain] s.w.s.m.m.a.RequestMappingHandlerMapping : Mapped "{[/admin/userroles/updatePermissions],methods=[POST]}" onto public java.lang.String com.wastemgnt.web.controller.UserRoleController.mapPermissionsToUserRole(org.springframework.ui.Model,com.wastemgnt.web.model.UserRoleForm)
2018-12-08 19:16:49  INFO Soma-PC --- [  restartedMain] s.w.s.m.m.a.RequestMappingHandlerMapping : Mapped "{[/admin/userroles/delete],methods=[GET]}" onto public java.lang.String com.wastemgnt.web.controller.UserRoleController.deleteUserRole(org.springframework.ui.Model,java.lang.Long)
2018-12-08 19:16:49  INFO Soma-PC --- [  restartedMain] s.w.s.m.m.a.RequestMappingHandlerMapping : Mapped "{[/admin/userroles/save],methods=[POST]}" onto public java.lang.String com.wastemgnt.web.controller.UserRoleController.saveUserRole(org.springframework.ui.Model,com.wastemgnt.web.model.UserRoleForm)
2018-12-08 19:16:49  INFO Soma-PC --- [  restartedMain] s.w.s.m.m.a.RequestMappingHandlerMapping : Mapped "{[/admin/userroles/update],methods=[POST]}" onto public java.lang.String com.wastemgnt.web.controller.UserRoleController.updateUserRole(org.springframework.ui.Model,com.wastemgnt.web.model.UserRoleForm)
2018-12-08 19:16:49  INFO Soma-PC --- [  restartedMain] s.w.s.m.m.a.RequestMappingHandlerMapping : Mapped "{[/admin/userroles],methods=[GET]}" onto public java.lang.String com.wastemgnt.web.controller.UserRoleController.showUserRoles(org.springframework.ui.Model)
2018-12-08 19:16:49  INFO Soma-PC --- [  restartedMain] s.w.s.m.m.a.RequestMappingHandlerMapping : Mapped "{[/admin/userroles/create],methods=[GET]}" onto public java.lang.String com.wastemgnt.web.controller.UserRoleController.createUserRole(org.springframework.ui.Model)
2018-12-08 19:16:49  INFO Soma-PC --- [  restartedMain] s.w.s.m.m.a.RequestMappingHandlerMapping : Mapped "{[/admin/userroles/edit],methods=[GET]}" onto public java.lang.String com.wastemgnt.web.controller.UserRoleController.editUserRole(org.springframework.ui.Model,java.lang.Long)
2018-12-08 19:16:49  INFO Soma-PC --- [  restartedMain] s.w.s.m.m.a.RequestMappingHandlerMapping : Mapped "{[/admin/userroles/detail],methods=[GET]}" onto public java.lang.String com.wastemgnt.web.controller.UserRoleController.detailUserRole(org.springframework.ui.Model,java.lang.Long)
2018-12-08 19:16:49  INFO Soma-PC --- [  restartedMain] s.w.s.m.m.a.RequestMappingHandlerMapping : Mapped "{[/error]}" onto public org.springframework.http.ResponseEntity<java.util.Map<java.lang.String, java.lang.Object>> org.springframework.boot.autoconfigure.web.servlet.error.BasicErrorController.error(javax.servlet.http.HttpServletRequest)
2018-12-08 19:16:49  INFO Soma-PC --- [  restartedMain] s.w.s.m.m.a.RequestMappingHandlerMapping : Mapped "{[/error],produces=[text/html]}" onto public org.springframework.web.servlet.ModelAndView org.springframework.boot.autoconfigure.web.servlet.error.BasicErrorController.errorHtml(javax.servlet.http.HttpServletRequest,javax.servlet.http.HttpServletResponse)
2018-12-08 19:16:49  INFO Soma-PC --- [  restartedMain] o.s.w.s.h.SimpleUrlHandlerMapping        : Mapped URL path [/webjars/**] onto handler of type [class org.springframework.web.servlet.resource.ResourceHttpRequestHandler]
2018-12-08 19:16:49  INFO Soma-PC --- [  restartedMain] o.s.w.s.h.SimpleUrlHandlerMapping        : Mapped URL path [/**] onto handler of type [class org.springframework.web.servlet.resource.ResourceHttpRequestHandler]
2018-12-08 19:16:49  INFO Soma-PC --- [  restartedMain] .m.m.a.ExceptionHandlerExceptionResolver : Detected @ExceptionHandler methods in globalExceptionHandler
2018-12-08 19:16:49  INFO Soma-PC --- [  restartedMain] o.s.b.d.a.OptionalLiveReloadServer       : LiveReload server is running on port 35729
2018-12-08 19:16:50  INFO Soma-PC --- [  restartedMain] o.s.j.e.a.AnnotationMBeanExporter        : Registering beans for JMX exposure on startup
2018-12-08 19:16:50  INFO Soma-PC --- [  restartedMain] o.s.j.e.a.AnnotationMBeanExporter        : Bean with name 'dataSource' has been autodetected for JMX exposure
2018-12-08 19:16:50  INFO Soma-PC --- [  restartedMain] o.s.j.e.a.AnnotationMBeanExporter        : Located MBean 'dataSource': registering with JMX server as MBean [com.zaxxer.hikari:name=dataSource,type=HikariDataSource]
2018-12-08 19:16:50  INFO Soma-PC --- [  restartedMain] o.a.c.h.Http11NioProtocol                : Starting ProtocolHandler ["http-nio-8080"]
2018-12-08 19:16:50  INFO Soma-PC --- [  restartedMain] o.a.t.u.n.NioSelectorPool                : Using a shared selector for servlet write/read
2018-12-08 19:16:50  INFO Soma-PC --- [  restartedMain] o.s.b.w.e.t.TomcatWebServer              : Tomcat started on port(s): 8080 (http) with context path '/WasteMgmtPrj'
2018-12-08 19:16:50  INFO Soma-PC --- [  restartedMain] c.w.w.WasteMgntApplication               : Started WasteMgntApplication in 13.365 seconds (JVM running for 14.079)
2018-12-08 19:17:06  INFO Soma-PC --- [nio-8080-exec-2] o.a.c.c.C.[.[.[/WasteMgmtPrj]            : Initializing Spring FrameworkServlet 'dispatcherServlet'
2018-12-08 19:17:06  INFO Soma-PC --- [nio-8080-exec-2] o.s.w.s.DispatcherServlet                : FrameworkServlet 'dispatcherServlet': initialization started
2018-12-08 19:17:06  INFO Soma-PC --- [nio-8080-exec-2] o.s.w.s.DispatcherServlet                : FrameworkServlet 'dispatcherServlet': initialization completed in 70 ms
2018-12-08 19:17:18  INFO Soma-PC --- [nio-8080-exec-6] c.w.w.c.HomeController                   : This is test message in HomeController
2018-12-09 18:42:26  INFO Soma-PC --- [  restartedMain] c.w.w.WasteMgntApplication               : Starting WasteMgntApplication on Soma-PC with PID 8268 (C:\Soma\UCM\3rd_Sem\ASP\Project_ASP\WasteMgmtPrj\target\classes started by sowmy in C:\Soma\UCM\3rd_Sem\ASP\Project_ASP\WasteMgmtPrj)
2018-12-09 18:42:26  INFO Soma-PC --- [  restartedMain] c.w.w.WasteMgntApplication               : No active profile set, falling back to default profiles: default
2018-12-09 18:42:26  INFO Soma-PC --- [  restartedMain] ConfigServletWebServerApplicationContext : Refreshing org.springframework.boot.web.servlet.context.AnnotationConfigServletWebServerApplicationContext@536d0c74: startup date [Sun Dec 09 18:42:26 CST 2018]; root of context hierarchy
2018-12-09 18:42:29  INFO Soma-PC --- [  restartedMain] trationDelegate$BeanPostProcessorChecker : Bean 'org.springframework.transaction.annotation.ProxyTransactionManagementConfiguration' of type [org.springframework.transaction.annotation.ProxyTransactionManagementConfiguration$$EnhancerBySpringCGLIB$$df452046] is not eligible for getting processed by all BeanPostProcessors (for example: not eligible for auto-proxying)
2018-12-09 18:42:31  INFO Soma-PC --- [  restartedMain] o.s.b.w.e.t.TomcatWebServer              : Tomcat initialized with port(s): 8080 (http)
2018-12-09 18:42:31  INFO Soma-PC --- [  restartedMain] o.a.c.h.Http11NioProtocol                : Initializing ProtocolHandler ["http-nio-8080"]
2018-12-09 18:42:31  INFO Soma-PC --- [  restartedMain] o.a.c.c.StandardService                  : Starting service [Tomcat]
2018-12-09 18:42:31  INFO Soma-PC --- [  restartedMain] o.a.c.c.StandardEngine                   : Starting Servlet Engine: Apache Tomcat/8.5.34
2018-12-09 18:42:31  INFO Soma-PC --- [ost-startStop-1] o.a.c.c.AprLifecycleListener             : The APR based Apache Tomcat Native library which allows optimal performance in production environments was not found on the java.library.path: [C:\Program Files\Java\jre1.8.0_151\bin;C:\WINDOWS\Sun\Java\bin;C:\WINDOWS\system32;C:\WINDOWS;C:/Program Files/Java/jre1.8.0_151/bin/server;C:/Program Files/Java/jre1.8.0_151/bin;C:/Program Files/Java/jre1.8.0_151/lib/amd64;C:\ProgramData\Oracle\Java\javapath;C:\WINDOWS\system32;C:\WINDOWS;C:\WINDOWS\System32\Wbem;C:\WINDOWS\System32\WindowsPowerShell\v1.0\;C:\WINDOWS\system32\config\systemprofile\.dnx\bin;C:\Program Files\Microsoft DNX\Dnvm\;C:\Program Files\Microsoft SQL Server\130\Tools\Binn\;C:\Program Files\Java\jdk1.8.0_151\bin;C:\Program Files\Java\jre1.8.0_151\bin;C:\Soma\apache-maven-3.5.3-bin\apache-maven-3.5.3\bin;C:\WINDOWS\System32\OpenSSH\;C:\Users\sowmy\AppData\Local\Microsoft\WindowsApps;C:\Users\sowmy\AppData\Local\atom\bin;C:\eclipse;;.]
2018-12-09 18:42:32  INFO Soma-PC --- [ost-startStop-1] o.a.j.s.TldScanner                       : At least one JAR was scanned for TLDs yet contained no TLDs. Enable debug logging for this logger for a complete list of JARs that were scanned but no TLDs were found in them. Skipping unneeded JARs during scanning can improve startup time and JSP compilation time.
2018-12-09 18:42:32  INFO Soma-PC --- [ost-startStop-1] o.a.c.c.C.[.[.[/WasteMgmtPrj]            : Initializing Spring embedded WebApplicationContext
2018-12-09 18:42:32  INFO Soma-PC --- [ost-startStop-1] o.s.w.c.ContextLoader                    : Root WebApplicationContext: initialization completed in 5739 ms
2018-12-09 18:42:32  INFO Soma-PC --- [ost-startStop-1] o.s.b.w.s.FilterRegistrationBean         : Mapping filter: 'characterEncodingFilter' to: [/*]
2018-12-09 18:42:32  INFO Soma-PC --- [ost-startStop-1] o.s.b.w.s.FilterRegistrationBean         : Mapping filter: 'hiddenHttpMethodFilter' to: [/*]
2018-12-09 18:42:32  INFO Soma-PC --- [ost-startStop-1] o.s.b.w.s.FilterRegistrationBean         : Mapping filter: 'httpPutFormContentFilter' to: [/*]
2018-12-09 18:42:32  INFO Soma-PC --- [ost-startStop-1] o.s.b.w.s.FilterRegistrationBean         : Mapping filter: 'requestContextFilter' to: [/*]
2018-12-09 18:42:32  INFO Soma-PC --- [ost-startStop-1] .s.DelegatingFilterProxyRegistrationBean : Mapping filter: 'springSecurityFilterChain' to: [/*]
2018-12-09 18:42:32  INFO Soma-PC --- [ost-startStop-1] o.s.b.w.s.ServletRegistrationBean        : Servlet dispatcherServlet mapped to [/]
2018-12-09 18:42:32  INFO Soma-PC --- [  restartedMain] c.z.h.HikariDataSource                   : HikariPool-1 - Starting...
2018-12-09 18:42:33  INFO Soma-PC --- [  restartedMain] c.z.h.HikariDataSource                   : HikariPool-1 - Start completed.
2018-12-09 18:42:33  INFO Soma-PC --- [  restartedMain] j.LocalContainerEntityManagerFactoryBean : Building JPA container EntityManagerFactory for persistence unit 'default'
2018-12-09 18:42:33  INFO Soma-PC --- [  restartedMain] o.h.j.i.u.LogHelper                      : HHH000204: Processing PersistenceUnitInfo [
	name: default
	...]
2018-12-09 18:42:33  INFO Soma-PC --- [  restartedMain] o.h.Version                              : HHH000412: Hibernate Core {5.2.17.Final}
2018-12-09 18:42:33  INFO Soma-PC --- [  restartedMain] o.h.c.Environment                        : HHH000206: hibernate.properties not found
2018-12-09 18:42:33  INFO Soma-PC --- [  restartedMain] o.h.a.c.Version                          : HCANN000001: Hibernate Commons Annotations {5.0.1.Final}
2018-12-09 18:42:33  INFO Soma-PC --- [  restartedMain] o.h.d.Dialect                            : HHH000400: Using dialect: org.hibernate.dialect.MySQL5Dialect
2018-12-09 18:42:35  INFO Soma-PC --- [  restartedMain] j.LocalContainerEntityManagerFactoryBean : Initialized JPA EntityManagerFactory for persistence unit 'default'
2018-12-09 18:42:35  INFO Soma-PC --- [  restartedMain] o.h.h.i.QueryTranslatorFactoryInitiator  : HHH000397: Using ASTQueryTranslatorFactory
2018-12-09 18:42:37  INFO Soma-PC --- [  restartedMain] o.s.s.w.DefaultSecurityFilterChain       : Creating filter chain: org.springframework.security.web.util.matcher.AnyRequestMatcher@1, [org.springframework.security.web.context.request.async.WebAsyncManagerIntegrationFilter@472b2e1d, org.springframework.security.web.context.SecurityContextPersistenceFilter@2d4977c6, org.springframework.security.web.header.HeaderWriterFilter@50dc7407, org.springframework.security.web.authentication.logout.LogoutFilter@124827a6, org.springframework.security.web.authentication.UsernamePasswordAuthenticationFilter@7c3522fb, org.springframework.security.web.savedrequest.RequestCacheAwareFilter@2d068cda, org.springframework.security.web.servletapi.SecurityContextHolderAwareRequestFilter@1aa10bcd, org.springframework.security.web.authentication.AnonymousAuthenticationFilter@59cf68fa, org.springframework.security.web.session.SessionManagementFilter@6806b4d, org.springframework.security.web.access.ExceptionTranslationFilter@32645df3, org.springframework.security.web.access.intercept.FilterSecurityInterceptor@76ab6b8e]
2018-12-09 18:42:37  INFO Soma-PC --- [  restartedMain] o.s.w.s.h.SimpleUrlHandlerMapping        : Mapped URL path [/**/favicon.ico] onto handler of type [class org.springframework.web.servlet.resource.ResourceHttpRequestHandler]
2018-12-09 18:42:38  INFO Soma-PC --- [  restartedMain] s.w.s.m.m.a.RequestMappingHandlerAdapter : Looking for @ControllerAdvice: org.springframework.boot.web.servlet.context.AnnotationConfigServletWebServerApplicationContext@536d0c74: startup date [Sun Dec 09 18:42:26 CST 2018]; root of context hierarchy
2018-12-09 18:42:38  WARN Soma-PC --- [  restartedMain] aWebConfiguration$JpaWebMvcConfiguration : spring.jpa.open-in-view is enabled by default. Therefore, database queries may be performed during view rendering. Explicitly configure spring.jpa.open-in-view to disable this warning
2018-12-09 18:42:38  INFO Soma-PC --- [  restartedMain] s.w.s.m.m.a.RequestMappingHandlerMapping : Mapped "{[/admin/address/new],methods=[GET]}" onto public java.lang.String com.wastemgnt.web.controller.AddressConfigController.createNew(org.springframework.ui.Model)
2018-12-09 18:42:38  INFO Soma-PC --- [  restartedMain] s.w.s.m.m.a.RequestMappingHandlerMapping : Mapped "{[/admin/address/detail],methods=[GET]}" onto public java.lang.String com.wastemgnt.web.controller.AddressConfigController.detailAddress(org.springframework.ui.Model,java.lang.Long)
2018-12-09 18:42:38  INFO Soma-PC --- [  restartedMain] s.w.s.m.m.a.RequestMappingHandlerMapping : Mapped "{[/admin/address/save],methods=[POST]}" onto public java.lang.String com.wastemgnt.web.controller.AddressConfigController.saveAddress(org.springframework.ui.Model,com.wastemgnt.service.entity.FoodPantryAddress)
2018-12-09 18:42:38  INFO Soma-PC --- [  restartedMain] s.w.s.m.m.a.RequestMappingHandlerMapping : Mapped "{[/admin/address/delete],methods=[GET]}" onto public java.lang.String com.wastemgnt.web.controller.AddressConfigController.deleteAddress(org.springframework.ui.Model,java.lang.Long)
2018-12-09 18:42:38  INFO Soma-PC --- [  restartedMain] s.w.s.m.m.a.RequestMappingHandlerMapping : Mapped "{[/admin/address/state/edit],methods=[GET]}" onto public java.lang.String com.wastemgnt.web.controller.AddressConfigController.editState(org.springframework.ui.Model,java.lang.Long)
2018-12-09 18:42:38  INFO Soma-PC --- [  restartedMain] s.w.s.m.m.a.RequestMappingHandlerMapping : Mapped "{[/admin/address/edit],methods=[GET]}" onto public java.lang.String com.wastemgnt.web.controller.AddressConfigController.editAddress(org.springframework.ui.Model,java.lang.Long)
2018-12-09 18:42:38  INFO Soma-PC --- [  restartedMain] s.w.s.m.m.a.RequestMappingHandlerMapping : Mapped "{[/admin/address/list],methods=[GET]}" onto public java.lang.String com.wastemgnt.web.controller.AddressConfigController.loadAll(org.springframework.ui.Model)
2018-12-09 18:42:38  INFO Soma-PC --- [  restartedMain] s.w.s.m.m.a.RequestMappingHandlerMapping : Mapped "{[/admin/address/state/list],methods=[GET]}" onto public java.lang.String com.wastemgnt.web.controller.AddressConfigController.loadStateAll(org.springframework.ui.Model)
2018-12-09 18:42:38  INFO Soma-PC --- [  restartedMain] s.w.s.m.m.a.RequestMappingHandlerMapping : Mapped "{[/admin/address/state/delete],methods=[GET]}" onto public java.lang.String com.wastemgnt.web.controller.AddressConfigController.deleteState(org.springframework.ui.Model,java.lang.Long)
2018-12-09 18:42:38  INFO Soma-PC --- [  restartedMain] s.w.s.m.m.a.RequestMappingHandlerMapping : Mapped "{[/admin/address/state/save],methods=[POST]}" onto public java.lang.String com.wastemgnt.web.controller.AddressConfigController.saveState(org.springframework.ui.Model,com.wastemgnt.service.entity.StateCityConfig)
2018-12-09 18:42:38  INFO Soma-PC --- [  restartedMain] s.w.s.m.m.a.RequestMappingHandlerMapping : Mapped "{[/admin/address/fooditemlimit/list],methods=[GET]}" onto public java.lang.String com.wastemgnt.web.controller.AddressConfigController.loadFoodItemAll(org.springframework.ui.Model)
2018-12-09 18:42:38  INFO Soma-PC --- [  restartedMain] s.w.s.m.m.a.RequestMappingHandlerMapping : Mapped "{[/admin/address/state/new],methods=[GET]}" onto public java.lang.String com.wastemgnt.web.controller.AddressConfigController.createNewState(org.springframework.ui.Model)
2018-12-09 18:42:38  INFO Soma-PC --- [  restartedMain] s.w.s.m.m.a.RequestMappingHandlerMapping : Mapped "{[/admin/address/fooditemlimit/update],methods=[POST]}" onto public java.lang.String com.wastemgnt.web.controller.AddressConfigController.updateFoodItemLimit(org.springframework.ui.Model,com.wastemgnt.service.entity.FoodPantryFoodItemLimit)
2018-12-09 18:42:38  INFO Soma-PC --- [  restartedMain] s.w.s.m.m.a.RequestMappingHandlerMapping : Mapped "{[/admin/address/fooditemlimit/save],methods=[POST]}" onto public java.lang.String com.wastemgnt.web.controller.AddressConfigController.saveFoodItemLimit(org.springframework.ui.Model,com.wastemgnt.service.entity.FoodPantryFoodItemLimit)
2018-12-09 18:42:38  INFO Soma-PC --- [  restartedMain] s.w.s.m.m.a.RequestMappingHandlerMapping : Mapped "{[/admin/address/fooditemlimit/edit],methods=[GET]}" onto public java.lang.String com.wastemgnt.web.controller.AddressConfigController.editFoodItemLimit(org.springframework.ui.Model,java.lang.Long)
2018-12-09 18:42:38  INFO Soma-PC --- [  restartedMain] s.w.s.m.m.a.RequestMappingHandlerMapping : Mapped "{[/admin/address/fooditemlimit/new],methods=[GET]}" onto public java.lang.String com.wastemgnt.web.controller.AddressConfigController.createFoodItemLimit(org.springframework.ui.Model)
2018-12-09 18:42:38  INFO Soma-PC --- [  restartedMain] s.w.s.m.m.a.RequestMappingHandlerMapping : Mapped "{[/admin/foodnames],methods=[GET]}" onto public java.lang.String com.wastemgnt.web.controller.FoodItemsController.showFoodTypes(org.springframework.ui.Model)
2018-12-09 18:42:38  INFO Soma-PC --- [  restartedMain] s.w.s.m.m.a.RequestMappingHandlerMapping : Mapped "{[/admin/foodnames/edit],methods=[GET]}" onto public java.lang.String com.wastemgnt.web.controller.FoodItemsController.editFoodType(org.springframework.ui.Model,java.lang.Long)
2018-12-09 18:42:38  INFO Soma-PC --- [  restartedMain] s.w.s.m.m.a.RequestMappingHandlerMapping : Mapped "{[/admin/foodnames/save],methods=[POST]}" onto public java.lang.String com.wastemgnt.web.controller.FoodItemsController.saveFoodType(org.springframework.ui.Model,com.wastemgnt.web.model.FoodNameForm)
2018-12-09 18:42:38  INFO Soma-PC --- [  restartedMain] s.w.s.m.m.a.RequestMappingHandlerMapping : Mapped "{[/admin/foodnames/create],methods=[GET]}" onto public java.lang.String com.wastemgnt.web.controller.FoodItemsController.createFoodType(org.springframework.ui.Model)
2018-12-09 18:42:38  INFO Soma-PC --- [  restartedMain] s.w.s.m.m.a.RequestMappingHandlerMapping : Mapped "{[/admin/foodnames/update],methods=[POST]}" onto public java.lang.String com.wastemgnt.web.controller.FoodItemsController.updateFoodType(org.springframework.ui.Model,com.wastemgnt.web.model.FoodNameForm)
2018-12-09 18:42:38  INFO Soma-PC --- [  restartedMain] s.w.s.m.m.a.RequestMappingHandlerMapping : Mapped "{[/admin/foodnames/delete],methods=[GET]}" onto public java.lang.String com.wastemgnt.web.controller.FoodItemsController.updateFoodType(org.springframework.ui.Model,java.lang.Long)
2018-12-09 18:42:38  INFO Soma-PC --- [  restartedMain] s.w.s.m.m.a.RequestMappingHandlerMapping : Mapped "{[/admin/metrics],methods=[GET]}" onto public java.lang.String com.wastemgnt.web.controller.FoodMetricsController.showOrders(org.springframework.ui.Model,com.wastemgnt.web.model.FilterType)
2018-12-09 18:42:38  INFO Soma-PC --- [  restartedMain] s.w.s.m.m.a.RequestMappingHandlerMapping : Mapped "{[/admin/foodtypes],methods=[GET]}" onto public java.lang.String com.wastemgnt.web.controller.FoodTypeController.showFoodTypes(org.springframework.ui.Model)
2018-12-09 18:42:38  INFO Soma-PC --- [  restartedMain] s.w.s.m.m.a.RequestMappingHandlerMapping : Mapped "{[/admin/foodtypes/edit],methods=[GET]}" onto public java.lang.String com.wastemgnt.web.controller.FoodTypeController.editFoodType(org.springframework.ui.Model,java.lang.Long)
2018-12-09 18:42:38  INFO Soma-PC --- [  restartedMain] s.w.s.m.m.a.RequestMappingHandlerMapping : Mapped "{[/admin/foodtypes/delete],methods=[GET]}" onto public java.lang.String com.wastemgnt.web.controller.FoodTypeController.deleteFoodType(org.springframework.ui.Model,java.lang.Long)
2018-12-09 18:42:38  INFO Soma-PC --- [  restartedMain] s.w.s.m.m.a.RequestMappingHandlerMapping : Mapped "{[/admin/foodtypes/save],methods=[POST]}" onto public java.lang.String com.wastemgnt.web.controller.FoodTypeController.saveFoodType(org.springframework.ui.Model,com.wastemgnt.web.model.FoodTypeForm)
2018-12-09 18:42:38  INFO Soma-PC --- [  restartedMain] s.w.s.m.m.a.RequestMappingHandlerMapping : Mapped "{[/admin/foodtypes/create],methods=[GET]}" onto public java.lang.String com.wastemgnt.web.controller.FoodTypeController.createFoodType(org.springframework.ui.Model)
2018-12-09 18:42:38  INFO Soma-PC --- [  restartedMain] s.w.s.m.m.a.RequestMappingHandlerMapping : Mapped "{[/admin/foodtypes/update],methods=[POST]}" onto public java.lang.String com.wastemgnt.web.controller.FoodTypeController.updateFoodType(org.springframework.ui.Model,com.wastemgnt.web.model.FoodTypeForm)
2018-12-09 18:42:38  INFO Soma-PC --- [  restartedMain] s.w.s.m.m.a.RequestMappingHandlerMapping : Mapped "{[/dashboard],methods=[GET]}" onto public java.lang.String com.wastemgnt.web.controller.HomeController.showDashBoard(org.springframework.ui.Model)
2018-12-09 18:42:38  INFO Soma-PC --- [  restartedMain] s.w.s.m.m.a.RequestMappingHandlerMapping : Mapped "{[/startpage],methods=[GET]}" onto public java.lang.String com.wastemgnt.web.controller.HomeController.showWelcomePage(org.springframework.ui.ModelMap)
2018-12-09 18:42:38  INFO Soma-PC --- [  restartedMain] s.w.s.m.m.a.RequestMappingHandlerMapping : Mapped "{[/login],methods=[GET]}" onto public java.lang.String com.wastemgnt.web.controller.LoginController.showLoginPage(org.springframework.ui.ModelMap)
2018-12-09 18:42:38  INFO Soma-PC --- [  restartedMain] s.w.s.m.m.a.RequestMappingHandlerMapping : Mapped "{[/register],methods=[POST]}" onto public java.lang.String com.wastemgnt.web.controller.LoginController.registration(org.springframework.ui.Model,com.wastemgnt.web.model.UserForm)
2018-12-09 18:42:38  INFO Soma-PC --- [  restartedMain] s.w.s.m.m.a.RequestMappingHandlerMapping : Mapped "{[/registration],methods=[GET]}" onto public java.lang.String com.wastemgnt.web.controller.LoginController.showRegistrationPage(org.springframework.ui.Model)
2018-12-09 18:42:38  INFO Soma-PC --- [  restartedMain] s.w.s.m.m.a.RequestMappingHandlerMapping : Mapped "{[/admin/orders/update],methods=[POST]}" onto public java.lang.String com.wastemgnt.web.controller.OrderController.updateOrder(org.springframework.ui.Model,com.wastemgnt.web.model.OrderForm)
2018-12-09 18:42:38  INFO Soma-PC --- [  restartedMain] s.w.s.m.m.a.RequestMappingHandlerMapping : Mapped "{[/admin/orders/getHintTxt],methods=[POST]}" onto public void com.wastemgnt.web.controller.OrderController.testmethod(org.springframework.ui.Model,com.wastemgnt.web.model.FilterType,com.wastemgnt.web.model.FilterType)
2018-12-09 18:42:38  INFO Soma-PC --- [  restartedMain] s.w.s.m.m.a.RequestMappingHandlerMapping : Mapped "{[/admin/orders],methods=[GET]}" onto public java.lang.String com.wastemgnt.web.controller.OrderController.showOrders(org.springframework.ui.Model)
2018-12-09 18:42:38  INFO Soma-PC --- [  restartedMain] s.w.s.m.m.a.RequestMappingHandlerMapping : Mapped "{[/admin/orders/detail],methods=[GET]}" onto public java.lang.String com.wastemgnt.web.controller.OrderController.detailOrder(org.springframework.ui.Model,java.lang.Long)
2018-12-09 18:42:38  INFO Soma-PC --- [  restartedMain] s.w.s.m.m.a.RequestMappingHandlerMapping : Mapped "{[/admin/orders/create],methods=[GET]}" onto public java.lang.String com.wastemgnt.web.controller.OrderController.createOrder(org.springframework.ui.Model)
2018-12-09 18:42:38  INFO Soma-PC --- [  restartedMain] s.w.s.m.m.a.RequestMappingHandlerMapping : Mapped "{[/admin/orders/save],methods=[POST]}" onto public java.lang.String com.wastemgnt.web.controller.OrderController.saveOrder(org.springframework.ui.Model,com.wastemgnt.web.model.OrderForm)
2018-12-09 18:42:38  INFO Soma-PC --- [  restartedMain] s.w.s.m.m.a.RequestMappingHandlerMapping : Mapped "{[/admin/orders/deleteFI],methods=[GET]}" onto public java.lang.String com.wastemgnt.web.controller.OrderController.detailDeleteFI(org.springframework.ui.Model,java.lang.Long,java.lang.Long)
2018-12-09 18:42:38  INFO Soma-PC --- [  restartedMain] s.w.s.m.m.a.RequestMappingHandlerMapping : Mapped "{[/admin/orders/edit],methods=[GET]}" onto public java.lang.String com.wastemgnt.web.controller.OrderController.editOrder(org.springframework.ui.Model,java.lang.Long)
2018-12-09 18:42:38  INFO Soma-PC --- [  restartedMain] s.w.s.m.m.a.RequestMappingHandlerMapping : Mapped "{[/admin/orders/updateOrderDetails],methods=[POST]}" onto public java.lang.String com.wastemgnt.web.controller.OrderController.updateOrderDetails(org.springframework.ui.Model,com.wastemgnt.web.model.OrderForm)
2018-12-09 18:42:38  INFO Soma-PC --- [  restartedMain] s.w.s.m.m.a.RequestMappingHandlerMapping : Mapped "{[/admin/deliveredList],methods=[GET]}" onto public java.lang.String com.wastemgnt.web.controller.OrderController.deliveredItemList(org.springframework.ui.Model,com.wastemgnt.web.model.FilterType,com.wastemgnt.web.model.FilterType)
2018-12-09 18:42:38  INFO Soma-PC --- [  restartedMain] s.w.s.m.m.a.RequestMappingHandlerMapping : Mapped "{[/admin/permissions/create],methods=[GET]}" onto public java.lang.String com.wastemgnt.web.controller.PermissionsController.createPermission(org.springframework.ui.Model)
2018-12-09 18:42:38  INFO Soma-PC --- [  restartedMain] s.w.s.m.m.a.RequestMappingHandlerMapping : Mapped "{[/admin/permissions/update],methods=[POST]}" onto public java.lang.String com.wastemgnt.web.controller.PermissionsController.updatePermission(org.springframework.ui.Model,com.wastemgnt.web.model.PermissionForm)
2018-12-09 18:42:38  INFO Soma-PC --- [  restartedMain] s.w.s.m.m.a.RequestMappingHandlerMapping : Mapped "{[/admin/permissions],methods=[GET]}" onto public java.lang.String com.wastemgnt.web.controller.PermissionsController.showPermissions(org.springframework.ui.Model)
2018-12-09 18:42:38  INFO Soma-PC --- [  restartedMain] s.w.s.m.m.a.RequestMappingHandlerMapping : Mapped "{[/admin/permissions/edit],methods=[GET]}" onto public java.lang.String com.wastemgnt.web.controller.PermissionsController.editPermission(org.springframework.ui.Model,java.lang.Long)
2018-12-09 18:42:38  INFO Soma-PC --- [  restartedMain] s.w.s.m.m.a.RequestMappingHandlerMapping : Mapped "{[/admin/permissions/save],methods=[POST]}" onto public java.lang.String com.wastemgnt.web.controller.PermissionsController.savePermission(org.springframework.ui.Model,com.wastemgnt.web.model.PermissionForm)
2018-12-09 18:42:38  INFO Soma-PC --- [  restartedMain] s.w.s.m.m.a.RequestMappingHandlerMapping : Mapped "{[/admin/permissions/delete],methods=[GET]}" onto public java.lang.String com.wastemgnt.web.controller.PermissionsController.deletePermission(org.springframework.ui.Model,java.lang.Long)
2018-12-09 18:42:38  INFO Soma-PC --- [  restartedMain] s.w.s.m.m.a.RequestMappingHandlerMapping : Mapped "{[/admin/users/create],methods=[GET]}" onto public java.lang.String com.wastemgnt.web.controller.UserController.addUser(org.springframework.ui.Model)
2018-12-09 18:42:38  INFO Soma-PC --- [  restartedMain] s.w.s.m.m.a.RequestMappingHandlerMapping : Mapped "{[/admin/users],methods=[GET]}" onto public java.lang.String com.wastemgnt.web.controller.UserController.showUsers(org.springframework.ui.Model)
2018-12-09 18:42:38  INFO Soma-PC --- [  restartedMain] s.w.s.m.m.a.RequestMappingHandlerMapping : Mapped "{[/admin/profile/update],methods=[POST]}" onto public java.lang.String com.wastemgnt.web.controller.UserController.saveProfile(org.springframework.ui.Model,com.wastemgnt.web.model.UserForm)
2018-12-09 18:42:38  INFO Soma-PC --- [  restartedMain] s.w.s.m.m.a.RequestMappingHandlerMapping : Mapped "{[/admin/user/changepwd],methods=[GET]}" onto public java.lang.String com.wastemgnt.web.controller.UserController.changePassWord(org.springframework.ui.Model)
2018-12-09 18:42:38  INFO Soma-PC --- [  restartedMain] s.w.s.m.m.a.RequestMappingHandlerMapping : Mapped "{[/admin/user/savepwd],methods=[POST]}" onto public java.lang.String com.wastemgnt.web.controller.UserController.savePassWord(org.springframework.ui.Model,com.wastemgnt.web.model.UserForm)
2018-12-09 18:42:38  INFO Soma-PC --- [  restartedMain] s.w.s.m.m.a.RequestMappingHandlerMapping : Mapped "{[/admin/profile],methods=[GET]}" onto public java.lang.String com.wastemgnt.web.controller.UserController.editProfile(org.springframework.ui.Model)
2018-12-09 18:42:38  INFO Soma-PC --- [  restartedMain] s.w.s.m.m.a.RequestMappingHandlerMapping : Mapped "{[/admin/users/update],methods=[POST]}" onto public java.lang.String com.wastemgnt.web.controller.UserController.saveUser(org.springframework.ui.Model,com.wastemgnt.web.model.UserForm)
2018-12-09 18:42:38  INFO Soma-PC --- [  restartedMain] s.w.s.m.m.a.RequestMappingHandlerMapping : Mapped "{[/admin/users/delete],methods=[GET]}" onto public java.lang.String com.wastemgnt.web.controller.UserController.deleteUser(org.springframework.ui.Model,java.lang.String)
2018-12-09 18:42:38  INFO Soma-PC --- [  restartedMain] s.w.s.m.m.a.RequestMappingHandlerMapping : Mapped "{[/admin/users/save],methods=[POST]}" onto public java.lang.String com.wastemgnt.web.controller.UserController.createUser(org.springframework.ui.Model,com.wastemgnt.web.model.UserForm)
2018-12-09 18:42:38  INFO Soma-PC --- [  restartedMain] s.w.s.m.m.a.RequestMappingHandlerMapping : Mapped "{[/admin/users/edit],methods=[GET]}" onto public java.lang.String com.wastemgnt.web.controller.UserController.editUser(org.springframework.ui.Model,java.lang.String)
2018-12-09 18:42:38  INFO Soma-PC --- [  restartedMain] s.w.s.m.m.a.RequestMappingHandlerMapping : Mapped "{[/admin/userroles/detail],methods=[GET]}" onto public java.lang.String com.wastemgnt.web.controller.UserRoleController.detailUserRole(org.springframework.ui.Model,java.lang.Long)
2018-12-09 18:42:38  INFO Soma-PC --- [  restartedMain] s.w.s.m.m.a.RequestMappingHandlerMapping : Mapped "{[/admin/userroles/create],methods=[GET]}" onto public java.lang.String com.wastemgnt.web.controller.UserRoleController.createUserRole(org.springframework.ui.Model)
2018-12-09 18:42:38  INFO Soma-PC --- [  restartedMain] s.w.s.m.m.a.RequestMappingHandlerMapping : Mapped "{[/admin/userroles/edit],methods=[GET]}" onto public java.lang.String com.wastemgnt.web.controller.UserRoleController.editUserRole(org.springframework.ui.Model,java.lang.Long)
2018-12-09 18:42:38  INFO Soma-PC --- [  restartedMain] s.w.s.m.m.a.RequestMappingHandlerMapping : Mapped "{[/admin/userroles/update],methods=[POST]}" onto public java.lang.String com.wastemgnt.web.controller.UserRoleController.updateUserRole(org.springframework.ui.Model,com.wastemgnt.web.model.UserRoleForm)
2018-12-09 18:42:38  INFO Soma-PC --- [  restartedMain] s.w.s.m.m.a.RequestMappingHandlerMapping : Mapped "{[/admin/userroles],methods=[GET]}" onto public java.lang.String com.wastemgnt.web.controller.UserRoleController.showUserRoles(org.springframework.ui.Model)
2018-12-09 18:42:38  INFO Soma-PC --- [  restartedMain] s.w.s.m.m.a.RequestMappingHandlerMapping : Mapped "{[/admin/userroles/save],methods=[POST]}" onto public java.lang.String com.wastemgnt.web.controller.UserRoleController.saveUserRole(org.springframework.ui.Model,com.wastemgnt.web.model.UserRoleForm)
2018-12-09 18:42:38  INFO Soma-PC --- [  restartedMain] s.w.s.m.m.a.RequestMappingHandlerMapping : Mapped "{[/admin/userroles/delete],methods=[GET]}" onto public java.lang.String com.wastemgnt.web.controller.UserRoleController.deleteUserRole(org.springframework.ui.Model,java.lang.Long)
2018-12-09 18:42:38  INFO Soma-PC --- [  restartedMain] s.w.s.m.m.a.RequestMappingHandlerMapping : Mapped "{[/admin/userroles/updatePermissions],methods=[POST]}" onto public java.lang.String com.wastemgnt.web.controller.UserRoleController.mapPermissionsToUserRole(org.springframework.ui.Model,com.wastemgnt.web.model.UserRoleForm)
2018-12-09 18:42:38  INFO Soma-PC --- [  restartedMain] s.w.s.m.m.a.RequestMappingHandlerMapping : Mapped "{[/error]}" onto public org.springframework.http.ResponseEntity<java.util.Map<java.lang.String, java.lang.Object>> org.springframework.boot.autoconfigure.web.servlet.error.BasicErrorController.error(javax.servlet.http.HttpServletRequest)
2018-12-09 18:42:38  INFO Soma-PC --- [  restartedMain] s.w.s.m.m.a.RequestMappingHandlerMapping : Mapped "{[/error],produces=[text/html]}" onto public org.springframework.web.servlet.ModelAndView org.springframework.boot.autoconfigure.web.servlet.error.BasicErrorController.errorHtml(javax.servlet.http.HttpServletRequest,javax.servlet.http.HttpServletResponse)
2018-12-09 18:42:38  INFO Soma-PC --- [  restartedMain] o.s.w.s.h.SimpleUrlHandlerMapping        : Mapped URL path [/webjars/**] onto handler of type [class org.springframework.web.servlet.resource.ResourceHttpRequestHandler]
2018-12-09 18:42:38  INFO Soma-PC --- [  restartedMain] o.s.w.s.h.SimpleUrlHandlerMapping        : Mapped URL path [/**] onto handler of type [class org.springframework.web.servlet.resource.ResourceHttpRequestHandler]
2018-12-09 18:42:38  INFO Soma-PC --- [  restartedMain] .m.m.a.ExceptionHandlerExceptionResolver : Detected @ExceptionHandler methods in globalExceptionHandler
2018-12-09 18:42:39  INFO Soma-PC --- [  restartedMain] o.s.b.d.a.OptionalLiveReloadServer       : LiveReload server is running on port 35729
2018-12-09 18:42:39  INFO Soma-PC --- [  restartedMain] o.s.j.e.a.AnnotationMBeanExporter        : Registering beans for JMX exposure on startup
2018-12-09 18:42:39  INFO Soma-PC --- [  restartedMain] o.s.j.e.a.AnnotationMBeanExporter        : Bean with name 'dataSource' has been autodetected for JMX exposure
2018-12-09 18:42:39  INFO Soma-PC --- [  restartedMain] o.s.j.e.a.AnnotationMBeanExporter        : Located MBean 'dataSource': registering with JMX server as MBean [com.zaxxer.hikari:name=dataSource,type=HikariDataSource]
2018-12-09 18:42:39  INFO Soma-PC --- [  restartedMain] o.a.c.h.Http11NioProtocol                : Starting ProtocolHandler ["http-nio-8080"]
2018-12-09 18:42:39  INFO Soma-PC --- [  restartedMain] o.a.t.u.n.NioSelectorPool                : Using a shared selector for servlet write/read
2018-12-09 18:42:39  INFO Soma-PC --- [  restartedMain] o.s.b.w.e.t.TomcatWebServer              : Tomcat started on port(s): 8080 (http) with context path '/WasteMgmtPrj'
2018-12-09 18:42:39  INFO Soma-PC --- [  restartedMain] c.w.w.WasteMgntApplication               : Started WasteMgntApplication in 14.723 seconds (JVM running for 15.626)
